make all --print-data-base --no-builtin-variables --no-builtin-rules --question
# GNU Make 3.81
# Copyright (C) 2006  Free Software Foundation, Inc.
# This is free software; see the source for copying conditions.
# There is NO warranty; not even for MERCHANTABILITY or FITNESS FOR A
# PARTICULAR PURPOSE.

# This program built for i386-apple-darwin11.3.0
 

# Make data base, printed on Fri Jul  1 03:59:30 2022
 

# Variables

# automatic
<D = $(patsubst %/,%,$(dir $<))
# automatic
?F = $(notdir $?)
# environment
ELECTRON_NO_ATTACH_CONSOLE = 1
# environment
LC_CTYPE = UTF-8
# environment
VSCODE_LOG_NATIVE = false
# automatic
?D = $(patsubst %/,%,$(dir $?))
# environment
PLATFORMIO_IDE = 2.5.0
# environment
PLATFORMIO_CALLER = vscode
# automatic
@D = $(patsubst %/,%,$(dir $@))
# automatic
@F = $(notdir $@)
# makefile
CURDIR := /Users/edvin/school/cursus/42_philosophers/philo
# makefile
SHELL = /bin/sh
# makefile (from `Makefile', line 29)
RM = rm -rf
# environment
VSCODE_NLS_CONFIG = {"locale":"en-gb","availableLanguages":{},"_languagePackSupport":true}
# environment
_ = /usr/bin/make
# makefile (from `Makefile', line 28)
CFLAGS = -Wall -Werror -Wextra -MD -pthread -g
# makefile (from `Makefile', line 25)
MDEPS = $(patsubst %.c,%.d,$(MSRC))
# makefile (from `Makefile', line 1)
MAKEFILE_LIST :=  Makefile
# `override' directive (from `Makefile', line 31)
OBJS_ALL = $(MOBJS)
# environment
VSCODE_VERBOSE_LOGGING = true
# environment
__CFBundleIdentifier = com.microsoft.VSCode
# environment
P9K_SSH = 0
# environment
VSCODE_IPC_HOOK_EXTHOST = /var/folders/tn/yrngk4r957d6qx82krd5nlgr0000gn/T/vscode-ipc-a4fe9ec1-d758-48fe-988e-964b577a8aa7.sock
# environment
VSCODE_CWD = /Users/edvin/school/cursus/42_philosophers/philo
# environment
NO_PROXY = 127.0.0.1
# environment
LSCOLORS = Gxfxcxdxbxegedabagacad
# environment
VSCODE_LOG_STACK = false
# environment
ELECTRON_RUN_AS_NODE = 1
# default
.FEATURES := target-specific order-only second-expansion else-if archives jobserver check-symlink
# environment
SSH_AUTH_SOCK = /private/tmp/com.apple.launchd.Cybv5up6JB/Listeners
# automatic
%F = $(notdir $%)
# environment
VSCODE_PIPE_LOGGING = true
# environment
PWD = /Users/edvin/school/cursus/42_philosophers/philo
# `override' directive (from `Makefile', line 32)
DEP_ALL = $(DEPS)
# environment
ORIGINAL_XDG_CURRENT_DESKTOP = undefined
# environment
VSCODE_AMD_ENTRYPOINT = vs/workbench/api/node/extensionHostProcess
# environment
HOME = /Users/edvin
# makefile (from `Makefile', line 19)
MFLS = main.c check.c utils1.c utils2.c init.c routines.c death.c free.c
# default
MAKEFILEPATH := /Applications/Xcode.app/Contents/Developer/Makefiles
# environment
VSCODE_CLI = 1
# environment
VSCODE_CODE_CACHE_PATH = /Users/edvin/Library/Application Support/Code/CachedData/30d9c6cd9483b2cc586687151bcbcd635f373630
# environment
LOGNAME = edvin
# environment
APPLICATION_INSIGHTS_NO_DIAGNOSTIC_CHANNEL = 1
# environment
ZSH = /Users/edvin/.oh-my-zsh
# environment
VSCODE_HANDLES_UNCAUGHT_ERRORS = true
# automatic
^D = $(patsubst %/,%,$(dir $^))
# environment
PLATFORMIO_PATH = /Users/edvin/.platformio/penv/bin:/Users/edvin/.platformio/penv:/Users/edvin/.platformio/python3/bin:/usr/local/bin:/usr/bin:/bin:/usr/sbin:/sbin:/Library/Apple/usr/bin:/usr/local/opt/fzf/bin
# environment
COLORTERM = truecolor
# default
MAKE = $(MAKE_COMMAND)
# environment
LC_TERMINAL = iTerm2
# environment
PATH = /usr/local/bin:/usr/bin:/bin:/usr/sbin:/sbin:/Library/Apple/usr/bin:/usr/local/opt/fzf/bin
# makefile (from `Makefile', line 17)
MDIR = ./sources/
# environment
SHLVL = 3
# environment
XPC_FLAGS = 0x0
# makefile (from `Makefile', line 27)
CC = cc
# default
MAKE_VERSION := 3.81
# environment
USER = edvin
# makefile
.DEFAULT_GOAL := all
# default
MAKECMDGOALS := all
# environment
TERM_SESSION_ID = w0t0p0:6106D83E-1E61-4711-AF79-F7EC3F6BBBF8
# makefile (from `Makefile', line 13)
 
NAME = philo
# makefile (from `Makefile', line 21)
MSRC = $(addprefix $(MDIR), $(MFLS))
# environment
LESS = -R
# automatic
%D = $(patsubst %/,%,$(dir $%))
# makefile (from `Makefile', line 23)
MOBJS = $(patsubst %.c,%.o,$(MSRC))
# default
MAKE_COMMAND := /Applications/Xcode.app/Contents/Developer/usr/bin/make
# makefile (from `Makefile', line 15)
INCLM = ./include/philo.h
# environment
TERM_PROGRAM = iTerm.app
# default
.VARIABLES := 
# environment
TMPDIR = /var/folders/tn/yrngk4r957d6qx82krd5nlgr0000gn/T/
# automatic
*F = $(notdir $*)
# environment
VSCODE_IPC_HOOK = /Users/edvin/Library/Application Support/Code/1.68.1-main.sock
# makefile
MAKEFLAGS = Rrqp
# environment
MFLAGS = -Rrqp
# automatic
*D = $(patsubst %/,%,$(dir $*))
# environment
TERM_PROGRAM_VERSION = 3.4.15
# environment
XPC_SERVICE_NAME = application.com.microsoft.VSCode.65888188.65888194.13573EFB-F4B2-4F2D-ABF9-07723A4E3537
# environment
LC_TERMINAL_VERSION = 3.4.15
# automatic
+D = $(patsubst %/,%,$(dir $+))
# automatic
+F = $(notdir $+)
# environment
ITERM_SESSION_ID = w0t0p0:6106D83E-1E61-4711-AF79-F7EC3F6BBBF8
# environment
COLORFGBG = 7;0
# environment
__CF_USER_TEXT_ENCODING = 0x1F5:0x0:0x0
# environment
COMMAND_MODE = unix2003
# default
MAKEFILES := 
# automatic
<F = $(notdir $<)
# environment
ITERM_PROFILE = Default
# environment
PAGER = less
# environment
LC_ALL = C
# environment
P9K_TTY = old
# automatic
^F = $(notdir $^)
# default
SUFFIXES := 
# environment
SDKROOT = /Applications/Xcode.app/Contents/Developer/Platforms/MacOSX.platform/Developer/SDKs/MacOSX12.3.sdk
# default
.INCLUDE_DIRS = /usr/local/include
# environment
MAKELEVEL := 0
# environment
FZF_DEFAULT_OPTS = --height 40% --reverse
# environment
LANG = C
# environment
TERM = xterm-256color
# environment
_P9K_TTY = /dev/ttys000
# environment
VSCODE_PID = 84852
# variable set hash-table stats:
# Load=100/1024=10%, Rehash=0, Collisions=11/136=8%

# Pattern-specific Variable Values

# No pattern-specific variable values.

# Directories

# include (device 16777220, inode 67855649): 3 files, no impossibilities so far.
 
# . (device 16777220, inode 67855647): 8 files, no impossibilities.
# sources (device 16777220, inode 67855652): 22 files, no impossibilities so far.

# 33 files, no impossibilities in 3 directories.

# Implicit Rules

sources/%.o: ./sources/%.c Makefile include/philo.h
#  commands to execute (from `Makefile', line 35):
	$(CC) $(CFLAGS) -I $(INCLM) -c $< -o ${<:.c=.o}
	

# 1 implicit rules, 0 (0.0%) terminal.

# Files

all: philo
#  Phony target (prerequisite of .PHONY).
#  Command-line target.
#  Implicit rule search has not been done.
#  File does not exist.
#  File has been updated.
#  Successfully updated.
# variable set hash-table stats:
# Load=0/32=0%, Rehash=0, Collisions=0/0=0%

philo: sources/main.o sources/check.o sources/utils1.o sources/utils2.o sources/init.o sources/routines.o sources/death.o sources/free.o
#  Implicit rule search has not been done.
#  Last modified 2022-07-01 03:59:09
#  File has been updated.
#  Successfully updated.
# variable set hash-table stats:
# Load=0/32=0%, Rehash=0, Collisions=0/0=0%
#  commands to execute (from `Makefile', line 40):
	@$(CC) $(MOBJS) -o $@
	

.PHONY: all clean fclean re
#  Implicit rule search has not been done.
#  Modification time never checked.
#  File has not been updated.

sources/utils1.o: sources/utils1.c Makefile include/philo.h
#  Implicit rule search has been done.
#  Implicit/static pattern stem: `utils1'
#  Last modified 2022-07-01 03:59:08
#  File has been updated.
#  Successfully updated.
# variable set hash-table stats:
# Load=0/32=0%, Rehash=0, Collisions=0/0=0%
#  commands to execute (from `Makefile', line 35):
	$(CC) $(CFLAGS) -I $(INCLM) -c $< -o ${<:.c=.o}
	

# Not a target:
sources/free.c:
#  Implicit rule search has been done.
#  Last modified 2022-07-01 03:48:00
#  File has been updated.
#  Successfully updated.
# variable set hash-table stats:
# Load=0/32=0%, Rehash=0, Collisions=0/0=0%

# Not a target:
.SUFFIXES:
#  Implicit rule search has not been done.
#  Modification time never checked.
#  File has not been updated.

# Not a target:
Makefile:
#  Implicit rule search has been done.
#  Last modified 2022-07-01 03:59:06
#  File has been updated.
#  Successfully updated.
# variable set hash-table stats:
# Load=0/32=0%, Rehash=0, Collisions=0/0=0%

# Not a target:
sources/init.c:
#  Implicit rule search has been done.
#  Last modified 2022-07-01 03:58:36
#  File has been updated.
#  Successfully updated.
# variable set hash-table stats:
# Load=0/32=0%, Rehash=0, Collisions=0/0=0%

# Not a target:
sources/check.c:
#  Implicit rule search has been done.
#  Last modified 2022-07-01 03:44:04
#  File has been updated.
#  Successfully updated.
# variable set hash-table stats:
# Load=0/32=0%, Rehash=0, Collisions=0/0=0%

sources/death.o: sources/death.c Makefile include/philo.h
#  Implicit rule search has been done.
#  Implicit/static pattern stem: `death'
#  Last modified 2022-07-01 03:59:08
#  File has been updated.
#  Successfully updated.
# variable set hash-table stats:
# Load=0/32=0%, Rehash=0, Collisions=0/0=0%
#  commands to execute (from `Makefile', line 35):
	$(CC) $(CFLAGS) -I $(INCLM) -c $< -o ${<:.c=.o}
	

sources/utils2.o: sources/utils2.c Makefile include/philo.h
#  Implicit rule search has been done.
#  Implicit/static pattern stem: `utils2'
#  Last modified 2022-07-01 03:59:08
#  File has been updated.
#  Successfully updated.
# variable set hash-table stats:
# Load=0/32=0%, Rehash=0, Collisions=0/0=0%
#  commands to execute (from `Makefile', line 35):
	$(CC) $(CFLAGS) -I $(INCLM) -c $< -o ${<:.c=.o}
	

fclean: clean
#  Phony target (prerequisite of .PHONY).
#  Implicit rule search has not been done.
#  File does not exist.
#  File has not been updated.
#  commands to execute (from `Makefile', line 46):
	$(RM) $(NAME)
	

sources/routines.o: sources/routines.c Makefile include/philo.h
#  Implicit rule search has been done.
#  Implicit/static pattern stem: `routines'
#  Last modified 2022-07-01 03:59:08
#  File has been updated.
#  Successfully updated.
# variable set hash-table stats:
# Load=0/32=0%, Rehash=0, Collisions=0/0=0%
#  commands to execute (from `Makefile', line 35):
	$(CC) $(CFLAGS) -I $(INCLM) -c $< -o ${<:.c=.o}
	

sources/main.o: sources/main.c Makefile include/philo.h
#  Implicit rule search has been done.
#  Implicit/static pattern stem: `main'
#  Last modified 2022-07-01 03:59:08
#  File has been updated.
#  Successfully updated.
# variable set hash-table stats:
# Load=0/32=0%, Rehash=0, Collisions=0/0=0%
#  commands to execute (from `Makefile', line 35):
	$(CC) $(CFLAGS) -I $(INCLM) -c $< -o ${<:.c=.o}
	

# Not a target:
.DEFAULT:
#  Implicit rule search has not been done.
#  Modification time never checked.
#  File has not been updated.

re: fclean all
#  Phony target (prerequisite of .PHONY).
#  Implicit rule search has not been done.
#  File does not exist.
#  File has not been updated.

clean:
#  Phony target (prerequisite of .PHONY).
#  Implicit rule search has not been done.
#  File does not exist.
#  File has not been updated.
#  commands to execute (from `Makefile', line 43):
	$(RM) $(MOBJS) $(MDEPS)
	

# Not a target:
sources/routines.c:
#  Implicit rule search has been done.
#  Last modified 2022-07-01 03:48:22
#  File has been updated.
#  Successfully updated.
# variable set hash-table stats:
# Load=0/32=0%, Rehash=0, Collisions=0/0=0%

# Not a target:
sources/utils1.c:
#  Implicit rule search has been done.
#  Last modified 2022-07-01 03:46:02
#  File has been updated.
#  Successfully updated.
# variable set hash-table stats:
# Load=0/32=0%, Rehash=0, Collisions=0/0=0%

# Not a target:
sources/death.c:
#  Implicit rule search has been done.
#  Last modified 2022-07-01 03:46:39
#  File has been updated.
#  Successfully updated.
# variable set hash-table stats:
# Load=0/32=0%, Rehash=0, Collisions=0/0=0%

# Not a target:
sources/utils2.c:
#  Implicit rule search has been done.
#  Last modified 2022-06-30 17:38:19
#  File has been updated.
#  Successfully updated.
# variable set hash-table stats:
# Load=0/32=0%, Rehash=0, Collisions=0/0=0%
 

# Not a target:
include/philo.h:
#  Implicit rule search has been done.
#  Last modified 2022-07-01 03:50:29
#  File has been updated.
#  Successfully updated.
# variable set hash-table stats:
# Load=0/32=0%, Rehash=0, Collisions=0/0=0%

sources/free.o: sources/free.c Makefile include/philo.h
#  Implicit rule search has been done.
#  Implicit/static pattern stem: `free'
#  Last modified 2022-07-01 03:59:08
#  File has been updated.
#  Successfully updated.
# variable set hash-table stats:
# Load=0/32=0%, Rehash=0, Collisions=0/0=0%
#  commands to execute (from `Makefile', line 35):
	$(CC) $(CFLAGS) -I $(INCLM) -c $< -o ${<:.c=.o}
	

# Not a target:
sources/main.c:
#  Implicit rule search has been done.
#  Last modified 2022-07-01 03:47:29
#  File has been updated.
#  Successfully updated.
# variable set hash-table stats:
# Load=0/32=0%, Rehash=0, Collisions=0/0=0%

sources/init.o: sources/init.c Makefile include/philo.h
#  Implicit rule search has been done.
#  Implicit/static pattern stem: `init'
#  Last modified 2022-07-01 03:59:08
#  File has been updated.
#  Successfully updated.
# variable set hash-table stats:
# Load=0/32=0%, Rehash=0, Collisions=0/0=0%
#  commands to execute (from `Makefile', line 35):
	$(CC) $(CFLAGS) -I $(INCLM) -c $< -o ${<:.c=.o}
	

sources/check.o: sources/check.c Makefile include/philo.h
#  Implicit rule search has been done.
#  Implicit/static pattern stem: `check'
#  Last modified 2022-07-01 03:59:08
#  File has been updated.
#  Successfully updated.
# variable set hash-table stats:
# Load=0/32=0%, Rehash=0, Collisions=0/0=0%
#  commands to execute (from `Makefile', line 35):
	$(CC) $(CFLAGS) -I $(INCLM) -c $< -o ${<:.c=.o}
	

# files hash-table stats:
# Load=26/1024=3%, Rehash=0, Collisions=7/111=6%
# VPATH Search Paths

# No `vpath' search paths.

# No general (`VPATH' variable) search path.

# # of strings in strcache: 1
# # of strcache buffers: 1
# strcache size: total = 4096 / max = 4096 / min = 4096 / avg = 4096
# strcache free: total = 4087 / max = 4087 / min = 4087 / avg = 4087

# Finished Make data base on Fri Jul  1 03:59:30 2022

 
